Build started 2017-03-13 11:57:00.
     1>Project "C:\PWP2\OpenGL\build\RUN_TESTS.vcxproj" on node 2 (Build target(s)).
     1>PostBuildEvent:
         setlocal
         C:\Users\student\Downloads\cmake-3.7.2-win32-x86\bin\ctest.exe --force-new-ctest-process -C Debug
         if %errorlevel% neq 0 goto :cmEnd
         :cmEnd
         endlocal & call :cmErrorLevel %errorlevel% & goto :cmDone
         :cmErrorLevel
         exit /b %1
         :cmDone
         if %errorlevel% neq 0 goto :VCEnd
         :VCEnd
         Test project C:/PWP2/OpenGL/build
               Start  1: igtlMultiThreaderTest1
          1/62 Test  #1: igtlMultiThreaderTest1 ......................   Passed    0.41 sec
               Start  2: igtlMultiThreaderTest2
          2/62 Test  #2: igtlMultiThreaderTest2 ......................   Passed    0.61 sec
               Start  3: igtlMultiThreaderTest3
          3/62 Test  #3: igtlMultiThreaderTest3 ......................   Passed    0.45 sec
               Start  4: igtlMessageFactoryTest
          4/62 Test  #4: igtlMessageFactoryTest ......................   Passed    0.02 sec
               Start  5: igtlTimeStampTest1
          5/62 Test  #5: igtlTimeStampTest1 ..........................   Passed    0.02 sec
               Start  6: igtlMessageBaseTest
          6/62 Test  #6: igtlMessageBaseTest .........................   Passed    0.02 sec
               Start  7: igtlConditionVariableTest
          7/62 Test  #7: igtlConditionVariableTest ...................   Passed    0.02 sec
               Start  8: igtlImageMessageTest
          8/62 Test  #8: igtlImageMessageTest ........................   Passed    0.04 sec
               Start  9: igtlImageMessage2Test
          9/62 Test  #9: igtlImageMessage2Test .......................   Passed    0.03 sec
               Start 10: igtlCapabilityMessageTest
         10/62 Test #10: igtlCapabilityMessageTest ...................   Passed    0.02 sec
               Start 11: igtlStatusMessageTest
         11/62 Test #11: igtlStatusMessageTest .......................   Passed    0.02 sec
               Start 12: igtlTransformMessageTest
         12/62 Test #12: igtlTransformMessageTest ....................   Passed    0.04 sec
               Start 13: igtlPositionMessageTest
         13/62 Test #13: igtlPositionMessageTest .....................   Passed    0.04 sec
               Start 14: igtlBindMessageTest
         14/62 Test #14: igtlBindMessageTest .........................   Passed    0.02 sec
               Start 15: igtlColorTableMessageTest
         15/62 Test #15: igtlColorTableMessageTest ...................   Passed    0.03 sec
               Start 16: igtlLabelMetaMessageTest
         16/62 Test #16: igtlLabelMetaMessageTest ....................   Passed    0.06 sec
               Start 17: igtlNDArrayMessageTest
         17/62 Test #17: igtlNDArrayMessageTest ......................   Passed    0.03 sec
               Start 18: igtlImageMetaMessageTest
         18/62 Test #18: igtlImageMetaMessageTest ....................   Passed    0.01 sec
               Start 19: igtlPointMessageTest
         19/62 Test #19: igtlPointMessageTest ........................   Passed    0.04 sec
               Start 20: igtlPolyDataMessageTest
         20/62 Test #20: igtlPolyDataMessageTest .....................   Passed    0.05 sec
               Start 21: igtlSensorMessageTest
         21/62 Test #21: igtlSensorMessageTest .......................   Passed    0.04 sec
               Start 22: igtlStringMessageTest
         22/62 Test #22: igtlStringMessageTest .......................   Passed    0.05 sec
               Start 23: igtlTrackingDataMessageTest
         23/62 Test #23: igtlTrackingDataMessageTest .................   Passed    0.04 sec
               Start 24: igtlTrajectoryMessageTest
         24/62 Test #24: igtlTrajectoryMessageTest ...................   Passed    0.02 sec
               Start 25: igtlMessageBaseTestFormatVersion2
         25/62 Test #25: igtlMessageBaseTestFormatVersion2 ...........   Passed    0.02 sec
               Start 26: igtlImageMessageTestFormatVersion2
         26/62 Test #26: igtlImageMessageTestFormatVersion2 ..........   Passed    0.02 sec
               Start 27: igtlImageMessage2TestFormatVersion2
         27/62 Test #27: igtlImageMessage2TestFormatVersion2 .........   Passed    0.01 sec
               Start 28: igtlBindMessageTestFormatVersion2
         28/62 Test #28: igtlBindMessageTestFormatVersion2 ...........   Passed    0.01 sec
               Start 29: igtlCapabilityMessageTestFormatVersion2
         29/62 Test #29: igtlCapabilityMessageTestFormatVersion2 .....   Passed    0.01 sec
               Start 30: igtlColorTableMessageTestFormatVersion2
         30/62 Test #30: igtlColorTableMessageTestFormatVersion2 .....   Passed    0.03 sec
               Start 31: igtlConditionVariableTestFormatVersion2
         31/62 Test #31: igtlConditionVariableTestFormatVersion2 .....   Passed    0.01 sec
               Start 32: igtlLabelMetaMessageTestFormatVersion2
         32/62 Test #32: igtlLabelMetaMessageTestFormatVersion2 ......   Passed    0.01 sec
               Start 33: igtlNDArrayMessageTestFormatVersion2
         33/62 Test #33: igtlNDArrayMessageTestFormatVersion2 ........   Passed    0.01 sec
               Start 34: igtlImageMetaMessageTestFormatVersion2
         34/62 Test #34: igtlImageMetaMessageTestFormatVersion2 ......   Passed    0.01 sec
               Start 35: igtlPointMessageTestFormatVersion2
         35/62 Test #35: igtlPointMessageTestFormatVersion2 ..........   Passed    0.01 sec
               Start 36: igtlPolyDataMessageTestFormatVersion2
         36/62 Test #36: igtlPolyDataMessageTestFormatVersion2 .......   Passed    0.01 sec
               Start 37: igtlSensorMessageTestFormatVersion2
         37/62 Test #37: igtlSensorMessageTestFormatVersion2 .........   Passed    0.01 sec
               Start 38: igtlStatusMessageTestFormatVersion2
         38/62 Test #38: igtlStatusMessageTestFormatVersion2 .........   Passed    0.01 sec
               Start 39: igtlStringMessageTestFormatVersion2
         39/62 Test #39: igtlStringMessageTestFormatVersion2 .........   Passed    0.01 sec
               Start 40: igtlTrackingDataMessageTestFormatVersion2
         40/62 Test #40: igtlTrackingDataMessageTestFormatVersion2 ...   Passed    0.01 sec
               Start 41: igtlTrajectoryMessageTestFormatVersion2
         41/62 Test #41: igtlTrajectoryMessageTestFormatVersion2 .....   Passed    0.02 sec
               Start 42: igtlTransformMessageTestFormatVersion2
         42/62 Test #42: igtlTransformMessageTestFormatVersion2 ......   Passed    0.02 sec
               Start 43: igtlCommandMessageTestFormatVersion1
         43/62 Test #43: igtlCommandMessageTestFormatVersion1 ........   Passed    0.03 sec
               Start 44: igtlCommandMessageTestFormatVersion2
         44/62 Test #44: igtlCommandMessageTestFormatVersion2 ........   Passed    0.03 sec
               Start 45: igtl_image_test_01
         45/62 Test #45: igtl_image_test_01 ..........................   Passed    0.03 sec
               Start 46: igtl_header_test_01
         46/62 Test #46: igtl_header_test_01 .........................   Passed    0.01 sec
               Start 47: igtl_transform_test_01
         47/62 Test #47: igtl_transform_test_01 ......................   Passed    0.04 sec
               Start 48: igtl_status_test_01
         48/62 Test #48: igtl_status_test_01 .........................   Passed    0.01 sec
               Start 49: igtl_util_test_01
         49/62 Test #49: igtl_util_test_01 ...........................   Passed    0.02 sec
               Start 50: igtl_position_test_01
         50/62 Test #50: igtl_position_test_01 .......................   Passed    0.01 sec
               Start 51: igtl_capability_test_01
         51/62 Test #51: igtl_capability_test_01 .....................   Passed    0.02 sec
               Start 52: igtl_colortable_test_01
         52/62 Test #52: igtl_colortable_test_01 .....................   Passed    0.03 sec
               Start 53: igtl_imgmeta_test_01
         53/62 Test #53: igtl_imgmeta_test_01 ........................   Passed    0.01 sec
               Start 54: igtl_lbmeta_test_01
         54/62 Test #54: igtl_lbmeta_test_01 .........................   Passed    0.01 sec
               Start 55: igtl_point_test_01
         55/62 Test #55: igtl_point_test_01 ..........................   Passed    0.01 sec
               Start 56: igtl_tdata_test_01
         56/62 Test #56: igtl_tdata_test_01 ..........................   Passed    0.04 sec
               Start 57: igtl_trajectory_test_01
         57/62 Test #57: igtl_trajectory_test_01 .....................   Passed    0.02 sec
               Start 58: igtl_sensor_test_01
         58/62 Test #58: igtl_sensor_test_01 .........................   Passed    0.01 sec
               Start 59: igtl_string_test_01
         59/62 Test #59: igtl_string_test_01 .........................   Passed    0.05 sec
               Start 60: igtl_bind_test_01
         60/62 Test #60: igtl_bind_test_01 ...........................   Passed    0.01 sec
               Start 61: igtl_ndarray_test_01
         61/62 Test #61: igtl_ndarray_test_01 ........................   Passed    0.01 sec
               Start 62: igtl_polydata_test_01
         62/62 Test #62: igtl_polydata_test_01 .......................   Passed    0.01 sec
         
         100% tests passed, 0 tests failed out of 62
         
         Total Test time (real) =   4.09 sec
     1>Done Building Project "C:\PWP2\OpenGL\build\RUN_TESTS.vcxproj" (Build target(s)).

Build succeeded.

Time Elapsed 00:00:04.80
